[debug] [2023-11-28T03:20:02.236Z] ----------------------------------------------------------------------
[debug] [2023-11-28T03:20:02.239Z] Command:       C:\Program Files\nodejs\node.exe C:\Users\ptpan\AppData\Roaming\npm\node_modules\firebase-tools\lib\bin\firebase.js init
[debug] [2023-11-28T03:20:02.239Z] CLI Version:   12.9.1
[debug] [2023-11-28T03:20:02.239Z] Platform:      win32
[debug] [2023-11-28T03:20:02.240Z] Node Version:  v18.18.2
[debug] [2023-11-28T03:20:02.240Z] Time:          Tue Nov 28 2023 08:50:02 GMT+0530 (India Standard Time)
[debug] [2023-11-28T03:20:02.240Z] ----------------------------------------------------------------------
[debug] 
[debug] [2023-11-28T03:20:02.251Z] > command requires scopes: ["email","openid","https://www.googleapis.com/auth/cloudplatformprojects.readonly","https://www.googleapis.com/auth/firebase","https://www.googleapis.com/auth/cloud-platform"]
[debug] [2023-11-28T03:20:02.252Z] > authorizing via signed-in user (pt.panpam@gmail.com)
[info] 
     ######## #### ########  ######## ########     ###     ######  ########
     ##        ##  ##     ## ##       ##     ##  ##   ##  ##       ##
     ######    ##  ########  ######   ########  #########  ######  ######
     ##        ##  ##    ##  ##       ##     ## ##     ##       ## ##
     ##       #### ##     ## ######## ########  ##     ##  ######  ########

You're about to initialize a Firebase project in this directory:

  C:\Users\ptpan\Desktop\chat-app-master

[info] 
=== Project Setup
[info] 
[info] First, let's associate this project directory with a Firebase project.
[info] You can create multiple project aliases by running firebase use --add, 
[info] but for now we'll just set up a default project.
[info] 
[debug] [2023-11-28T03:20:11.819Z] >>> [apiv2][query] GET https://firebase.googleapis.com/v1beta1/projects pageSize=100
[debug] [2023-11-28T03:20:12.882Z] <<< [apiv2][status] GET https://firebase.googleapis.com/v1beta1/projects 200
[debug] [2023-11-28T03:20:12.882Z] <<< [apiv2][body] GET https://firebase.googleapis.com/v1beta1/projects [omitted]
[info] i  Using project queeko-chat (Queeko) 
[info] 
=== Database Setup
[info] i  database: ensuring required API firebasedatabase.googleapis.com is enabled... 
[debug] [2023-11-28T03:20:14.549Z] >>> [apiv2][query] GET https://serviceusage.googleapis.com/v1/projects/queeko-chat/services/firebasedatabase.googleapis.com [none]
[debug] [2023-11-28T03:20:14.549Z] >>> [apiv2][(partial)header] GET https://serviceusage.googleapis.com/v1/projects/queeko-chat/services/firebasedatabase.googleapis.com x-goog-quota-user=projects/queeko-chat
[debug] [2023-11-28T03:20:16.779Z] <<< [apiv2][status] GET https://serviceusage.googleapis.com/v1/projects/queeko-chat/services/firebasedatabase.googleapis.com 200
[debug] [2023-11-28T03:20:16.779Z] <<< [apiv2][body] GET https://serviceusage.googleapis.com/v1/projects/queeko-chat/services/firebasedatabase.googleapis.com [omitted]
[info] +  database: required API firebasedatabase.googleapis.com is enabled 
[info] 
[debug] [2023-11-28T03:20:16.781Z] >>> [apiv2][query] GET https://firebasedatabase.googleapis.com/v1beta/projects/queeko-chat/locations/-/instances/queeko-chat-default-rtdb [none]
[debug] [2023-11-28T03:20:18.613Z] <<< [apiv2][status] GET https://firebasedatabase.googleapis.com/v1beta/projects/queeko-chat/locations/-/instances/queeko-chat-default-rtdb 200
[debug] [2023-11-28T03:20:18.615Z] <<< [apiv2][body] GET https://firebasedatabase.googleapis.com/v1beta/projects/queeko-chat/locations/-/instances/queeko-chat-default-rtdb {"name":"projects/906737716433/locations/us-central1/instances/queeko-chat-default-rtdb","project":"projects/906737716433","databaseUrl":"https://queeko-chat-default-rtdb.firebaseio.com","type":"DEFAULT_DATABASE","state":"ACTIVE"}
[info] 
[info] Firebase Realtime Database Security Rules allow you to define how your data should be
[info] structured and when your data can be read from and written to.
[info] 
[debug] [2023-11-28T03:21:36.491Z] ----------------------------------------------------------------------
[debug] [2023-11-28T03:21:36.493Z] Command:       C:\Program Files\nodejs\node.exe C:\Users\ptpan\AppData\Roaming\npm\node_modules\firebase-tools\lib\bin\firebase.js init
[debug] [2023-11-28T03:21:36.493Z] CLI Version:   12.9.1
[debug] [2023-11-28T03:21:36.494Z] Platform:      win32
[debug] [2023-11-28T03:21:36.494Z] Node Version:  v18.18.2
[debug] [2023-11-28T03:21:36.495Z] Time:          Tue Nov 28 2023 08:51:36 GMT+0530 (India Standard Time)
[debug] [2023-11-28T03:21:36.495Z] ----------------------------------------------------------------------
[debug] 
[debug] [2023-11-28T03:21:36.507Z] > command requires scopes: ["email","openid","https://www.googleapis.com/auth/cloudplatformprojects.readonly","https://www.googleapis.com/auth/firebase","https://www.googleapis.com/auth/cloud-platform"]
[debug] [2023-11-28T03:21:36.507Z] > authorizing via signed-in user (pt.panpam@gmail.com)
[info] 
     ######## #### ########  ######## ########     ###     ######  ########
     ##        ##  ##     ## ##       ##     ##  ##   ##  ##       ##
     ######    ##  ########  ######   ########  #########  ######  ######
     ##        ##  ##    ##  ##       ##     ## ##     ##       ## ##
     ##       #### ##     ## ######## ########  ##     ##  ######  ########

You're about to initialize a Firebase project in this directory:

  C:\Users\ptpan\Desktop\chat-app-master

[info] 
=== Project Setup
[info] 
[info] First, let's associate this project directory with a Firebase project.
[info] You can create multiple project aliases by running firebase use --add, 
[info] but for now we'll just set up a default project.
[info] 
[debug] [2023-11-28T03:21:44.199Z] >>> [apiv2][query] GET https://firebase.googleapis.com/v1beta1/projects pageSize=100
[debug] [2023-11-28T03:21:45.258Z] <<< [apiv2][status] GET https://firebase.googleapis.com/v1beta1/projects 200
[debug] [2023-11-28T03:21:45.258Z] <<< [apiv2][body] GET https://firebase.googleapis.com/v1beta1/projects [omitted]
[info] i  Using project queeko-chat (Queeko) 
[info] 
=== Database Setup
[info] i  database: ensuring required API firebasedatabase.googleapis.com is enabled... 
[debug] [2023-11-28T03:21:46.509Z] >>> [apiv2][query] GET https://serviceusage.googleapis.com/v1/projects/queeko-chat/services/firebasedatabase.googleapis.com [none]
[debug] [2023-11-28T03:21:46.509Z] >>> [apiv2][(partial)header] GET https://serviceusage.googleapis.com/v1/projects/queeko-chat/services/firebasedatabase.googleapis.com x-goog-quota-user=projects/queeko-chat
[debug] [2023-11-28T03:21:48.433Z] <<< [apiv2][status] GET https://serviceusage.googleapis.com/v1/projects/queeko-chat/services/firebasedatabase.googleapis.com 200
[debug] [2023-11-28T03:21:48.433Z] <<< [apiv2][body] GET https://serviceusage.googleapis.com/v1/projects/queeko-chat/services/firebasedatabase.googleapis.com [omitted]
[info] +  database: required API firebasedatabase.googleapis.com is enabled 
[info] 
[debug] [2023-11-28T03:21:48.437Z] >>> [apiv2][query] GET https://firebasedatabase.googleapis.com/v1beta/projects/queeko-chat/locations/-/instances/queeko-chat-default-rtdb [none]
[debug] [2023-11-28T03:21:56.517Z] *** [apiv2] error from fetch(https://firebasedatabase.googleapis.com/v1beta/projects/queeko-chat/locations/-/instances/queeko-chat-default-rtdb, {"headers":{},"method":"GET","signal":{}}): FetchError: request to https://firebasedatabase.googleapis.com/v1beta/projects/queeko-chat/locations/-/instances/queeko-chat-default-rtdb failed, reason: getaddrinfo EAI_AGAIN firebasedatabase.googleapis.com
[debug] [2023-11-28T03:21:56.518Z] Failed to make request to https://firebasedatabase.googleapis.com/v1beta/projects/queeko-chat/locations/-/instances/queeko-chat-default-rtdb
[debug] [2023-11-28T03:21:56.723Z] FirebaseError: Failed to make request to https://firebasedatabase.googleapis.com/v1beta/projects/queeko-chat/locations/-/instances/queeko-chat-default-rtdb
    at RetryOperation._fn (C:\Users\ptpan\AppData\Roaming\npm\node_modules\firebase-tools\lib\apiv2.js:239:31)
    at process.processTicksAndRejections (node:internal/process/task_queues:95:5)
[error] 
[error] Error: Failed to get instance details for instance: queeko-chat-default-rtdb. See firebase-debug.log for more details.
[debug] [2023-11-28T03:22:06.218Z] ----------------------------------------------------------------------
[debug] [2023-11-28T03:22:06.221Z] Command:       C:\Program Files\nodejs\node.exe C:\Users\ptpan\AppData\Roaming\npm\node_modules\firebase-tools\lib\bin\firebase.js init
[debug] [2023-11-28T03:22:06.221Z] CLI Version:   12.9.1
[debug] [2023-11-28T03:22:06.221Z] Platform:      win32
[debug] [2023-11-28T03:22:06.222Z] Node Version:  v18.18.2
[debug] [2023-11-28T03:22:06.222Z] Time:          Tue Nov 28 2023 08:52:06 GMT+0530 (India Standard Time)
[debug] [2023-11-28T03:22:06.222Z] ----------------------------------------------------------------------
[debug] 
[debug] [2023-11-28T03:22:06.232Z] > command requires scopes: ["email","openid","https://www.googleapis.com/auth/cloudplatformprojects.readonly","https://www.googleapis.com/auth/firebase","https://www.googleapis.com/auth/cloud-platform"]
[debug] [2023-11-28T03:22:06.232Z] > authorizing via signed-in user (pt.panpam@gmail.com)
[info] 
     ######## #### ########  ######## ########     ###     ######  ########
     ##        ##  ##     ## ##       ##     ##  ##   ##  ##       ##
     ######    ##  ########  ######   ########  #########  ######  ######
     ##        ##  ##    ##  ##       ##     ## ##     ##       ## ##
     ##       #### ##     ## ######## ########  ##     ##  ######  ########

You're about to initialize a Firebase project in this directory:

  C:\Users\ptpan\Desktop\chat-app-master

[info] 
=== Project Setup
[info] 
[info] First, let's associate this project directory with a Firebase project.
[info] You can create multiple project aliases by running firebase use --add, 
[info] but for now we'll just set up a default project.
[info] 
[debug] [2023-11-28T03:22:15.850Z] >>> [apiv2][query] GET https://firebase.googleapis.com/v1beta1/projects pageSize=100
[debug] [2023-11-28T03:22:16.903Z] <<< [apiv2][status] GET https://firebase.googleapis.com/v1beta1/projects 200
[debug] [2023-11-28T03:22:16.903Z] <<< [apiv2][body] GET https://firebase.googleapis.com/v1beta1/projects [omitted]
[info] i  Using project queeko-chat (Queeko) 
[info] 
=== Database Setup
[info] i  database: ensuring required API firebasedatabase.googleapis.com is enabled... 
[debug] [2023-11-28T03:22:18.017Z] >>> [apiv2][query] GET https://serviceusage.googleapis.com/v1/projects/queeko-chat/services/firebasedatabase.googleapis.com [none]
[debug] [2023-11-28T03:22:18.018Z] >>> [apiv2][(partial)header] GET https://serviceusage.googleapis.com/v1/projects/queeko-chat/services/firebasedatabase.googleapis.com x-goog-quota-user=projects/queeko-chat
[debug] [2023-11-28T03:22:19.963Z] <<< [apiv2][status] GET https://serviceusage.googleapis.com/v1/projects/queeko-chat/services/firebasedatabase.googleapis.com 200
[debug] [2023-11-28T03:22:19.963Z] <<< [apiv2][body] GET https://serviceusage.googleapis.com/v1/projects/queeko-chat/services/firebasedatabase.googleapis.com [omitted]
[info] +  database: required API firebasedatabase.googleapis.com is enabled 
[info] 
[debug] [2023-11-28T03:22:19.964Z] >>> [apiv2][query] GET https://firebasedatabase.googleapis.com/v1beta/projects/queeko-chat/locations/-/instances/queeko-chat-default-rtdb [none]
[debug] [2023-11-28T03:22:22.220Z] <<< [apiv2][status] GET https://firebasedatabase.googleapis.com/v1beta/projects/queeko-chat/locations/-/instances/queeko-chat-default-rtdb 200
[debug] [2023-11-28T03:22:22.220Z] <<< [apiv2][body] GET https://firebasedatabase.googleapis.com/v1beta/projects/queeko-chat/locations/-/instances/queeko-chat-default-rtdb {"name":"projects/906737716433/locations/us-central1/instances/queeko-chat-default-rtdb","project":"projects/906737716433","databaseUrl":"https://queeko-chat-default-rtdb.firebaseio.com","type":"DEFAULT_DATABASE","state":"ACTIVE"}
[info] 
[info] Firebase Realtime Database Security Rules allow you to define how your data should be
[info] structured and when your data can be read from and written to.
[info] 
[debug] [2023-11-28T03:22:29.711Z] >>> [apiv2][query] GET https://queeko-chat-default-rtdb.firebaseio.com/.settings/rules.json [none]
[debug] [2023-11-28T03:22:30.446Z] <<< [apiv2][status] GET https://queeko-chat-default-rtdb.firebaseio.com/.settings/rules.json 200
[debug] [2023-11-28T03:22:30.447Z] <<< [apiv2][body] GET https://queeko-chat-default-rtdb.firebaseio.com/.settings/rules.json [stream]
[info] +  Database Rules for queeko-chat-default-rtdb have been written to abhijeet. 
[info] Future modifications to abhijeet will update Realtime Database Security Rules when you run
[info] firebase deploy.
[info] 
=== Firestore Setup
[debug] [2023-11-28T03:22:30.452Z] >>> [apiv2][query] GET https://serviceusage.googleapis.com/v1/projects/queeko-chat/services/firestore.googleapis.com [none]
[debug] [2023-11-28T03:22:30.452Z] >>> [apiv2][(partial)header] GET https://serviceusage.googleapis.com/v1/projects/queeko-chat/services/firestore.googleapis.com x-goog-quota-user=projects/queeko-chat
[debug] [2023-11-28T03:22:32.258Z] <<< [apiv2][status] GET https://serviceusage.googleapis.com/v1/projects/queeko-chat/services/firestore.googleapis.com 200
[debug] [2023-11-28T03:22:32.259Z] <<< [apiv2][body] GET https://serviceusage.googleapis.com/v1/projects/queeko-chat/services/firestore.googleapis.com [omitted]
[debug] [2023-11-28T03:22:32.259Z] >>> [apiv2][query] GET https://firestore.googleapis.com/v1/projects/queeko-chat/databases/(default) [none]
[debug] [2023-11-28T03:22:34.100Z] <<< [apiv2][status] GET https://firestore.googleapis.com/v1/projects/queeko-chat/databases/(default) 200
[debug] [2023-11-28T03:22:34.100Z] <<< [apiv2][body] GET https://firestore.googleapis.com/v1/projects/queeko-chat/databases/(default) {"name":"projects/queeko-chat/databases/(default)","uid":"5a524e9f-e9e4-4473-b356-c7cb2b84c6c9","createTime":"2023-11-28T03:19:39.532133Z","updateTime":"2023-11-28T03:19:39.532133Z","locationId":"nam5","type":"FIRESTORE_NATIVE","concurrencyMode":"PESSIMISTIC","versionRetentionPeriod":"3600s","earliestVersionTime":"2023-11-28T03:19:39.532133Z","appEngineIntegrationMode":"DISABLED","keyPrefix":"s","pointInTimeRecoveryEnablement":"POINT_IN_TIME_RECOVERY_DISABLED","deleteProtectionState":"DELETE_PROTECTION_DISABLED","etag":"IOn3we/e5YIDMOWOvpze5YID"}
[debug] [2023-11-28T03:22:34.100Z] database_type: FIRESTORE_NATIVE
[debug] [2023-11-28T03:22:34.101Z] > command requires scopes: ["email","openid","https://www.googleapis.com/auth/cloudplatformprojects.readonly","https://www.googleapis.com/auth/firebase","https://www.googleapis.com/auth/cloud-platform"]
[debug] [2023-11-28T03:22:34.101Z] > authorizing via signed-in user (pt.panpam@gmail.com)
[debug] [2023-11-28T03:22:34.102Z] [iam] checking project queeko-chat for permissions ["firebase.projects.get"]
[debug] [2023-11-28T03:22:34.103Z] >>> [apiv2][query] POST https://cloudresourcemanager.googleapis.com/v1/projects/queeko-chat:testIamPermissions [none]
[debug] [2023-11-28T03:22:34.103Z] >>> [apiv2][(partial)header] POST https://cloudresourcemanager.googleapis.com/v1/projects/queeko-chat:testIamPermissions x-goog-quota-user=projects/queeko-chat
[debug] [2023-11-28T03:22:34.103Z] >>> [apiv2][body] POST https://cloudresourcemanager.googleapis.com/v1/projects/queeko-chat:testIamPermissions {"permissions":["firebase.projects.get"]}
[debug] [2023-11-28T03:22:35.839Z] <<< [apiv2][status] POST https://cloudresourcemanager.googleapis.com/v1/projects/queeko-chat:testIamPermissions 200
[debug] [2023-11-28T03:22:35.839Z] <<< [apiv2][body] POST https://cloudresourcemanager.googleapis.com/v1/projects/queeko-chat:testIamPermissions {"permissions":["firebase.projects.get"]}
[info] 
[info] Firestore Security Rules allow you to define how and when to allow
[info] requests. You can keep these rules in your project directory
[info] and publish them with firebase deploy.
[info] 
[debug] [2023-11-28T03:22:43.971Z] >>> [apiv2][query] GET https://firebaserules.googleapis.com/v1/projects/queeko-chat/releases pageSize=10&pageToken=
[debug] [2023-11-28T03:22:45.817Z] <<< [apiv2][status] GET https://firebaserules.googleapis.com/v1/projects/queeko-chat/releases 200
[debug] [2023-11-28T03:22:45.818Z] <<< [apiv2][body] GET https://firebaserules.googleapis.com/v1/projects/queeko-chat/releases {"releases":[{"name":"projects/queeko-chat/releases/cloud.firestore","rulesetName":"projects/queeko-chat/rulesets/3efa9c91-5f98-4853-9406-817a59244d70","createTime":"2023-11-28T03:19:48.828224Z","updateTime":"2023-11-28T03:19:48.828224Z"}]}
[debug] [2023-11-28T03:22:45.818Z] Found ruleset: projects/queeko-chat/rulesets/3efa9c91-5f98-4853-9406-817a59244d70
[debug] [2023-11-28T03:22:45.819Z] >>> [apiv2][query] GET https://firebaserules.googleapis.com/v1/projects/queeko-chat/rulesets/3efa9c91-5f98-4853-9406-817a59244d70 [none]
[debug] [2023-11-28T03:22:47.310Z] <<< [apiv2][status] GET https://firebaserules.googleapis.com/v1/projects/queeko-chat/rulesets/3efa9c91-5f98-4853-9406-817a59244d70 200
[debug] [2023-11-28T03:22:47.310Z] <<< [apiv2][body] GET https://firebaserules.googleapis.com/v1/projects/queeko-chat/rulesets/3efa9c91-5f98-4853-9406-817a59244d70 [omitted]
[info] 
[info] Firestore indexes allow you to perform complex queries while
[info] maintaining performance that scales with the size of the result
[info] set. You can keep index definitions in your project directory
[info] and publish them with firebase deploy.
[info] 
[debug] [2023-11-28T03:22:55.791Z] >>> [apiv2][query] GET https://firestore.googleapis.com/v1/projects/queeko-chat/databases/(default)/collectionGroups/-/indexes [none]
[debug] [2023-11-28T03:22:55.795Z] >>> [apiv2][query] GET https://firestore.googleapis.com/v1/projects/queeko-chat/databases/(default)/collectionGroups/-/fields?filter=indexConfig.usesAncestorConfig=false OR ttlConfig:* [none]
[debug] [2023-11-28T03:22:57.648Z] <<< [apiv2][status] GET https://firestore.googleapis.com/v1/projects/queeko-chat/databases/(default)/collectionGroups/-/indexes 200
[debug] [2023-11-28T03:22:57.649Z] <<< [apiv2][body] GET https://firestore.googleapis.com/v1/projects/queeko-chat/databases/(default)/collectionGroups/-/indexes {}
[debug] [2023-11-28T03:22:58.159Z] <<< [apiv2][status] GET https://firestore.googleapis.com/v1/projects/queeko-chat/databases/(default)/collectionGroups/-/fields?filter=indexConfig.usesAncestorConfig=false OR ttlConfig:* 200
[debug] [2023-11-28T03:22:58.159Z] <<< [apiv2][body] GET https://firestore.googleapis.com/v1/projects/queeko-chat/databases/(default)/collectionGroups/-/fields?filter=indexConfig.usesAncestorConfig=false OR ttlConfig:* {"fields":[{"name":"projects/queeko-chat/databases/(default)/collectionGroups/__default__/fields/*","indexConfig":{"indexes":[{"queryScope":"COLLECTION","fields":[{"fieldPath":"*","order":"ASCENDING"}],"state":"READY"},{"queryScope":"COLLECTION","fields":[{"fieldPath":"*","order":"DESCENDING"}],"state":"READY"},{"queryScope":"COLLECTION","fields":[{"fieldPath":"*","arrayConfig":"CONTAINS"}],"state":"READY"}]}}]}
[info] 
=== Functions Setup
[debug] [2023-11-28T03:22:58.164Z] > command requires scopes: ["email","openid","https://www.googleapis.com/auth/cloudplatformprojects.readonly","https://www.googleapis.com/auth/firebase","https://www.googleapis.com/auth/cloud-platform"]
[debug] [2023-11-28T03:22:58.165Z] > authorizing via signed-in user (pt.panpam@gmail.com)
[debug] [2023-11-28T03:22:58.165Z] [iam] checking project queeko-chat for permissions ["firebase.projects.get"]
[debug] [2023-11-28T03:22:58.165Z] >>> [apiv2][query] POST https://cloudresourcemanager.googleapis.com/v1/projects/queeko-chat:testIamPermissions [none]
[debug] [2023-11-28T03:22:58.165Z] >>> [apiv2][(partial)header] POST https://cloudresourcemanager.googleapis.com/v1/projects/queeko-chat:testIamPermissions x-goog-quota-user=projects/queeko-chat
[debug] [2023-11-28T03:22:58.166Z] >>> [apiv2][body] POST https://cloudresourcemanager.googleapis.com/v1/projects/queeko-chat:testIamPermissions {"permissions":["firebase.projects.get"]}
[debug] [2023-11-28T03:22:59.812Z] <<< [apiv2][status] POST https://cloudresourcemanager.googleapis.com/v1/projects/queeko-chat:testIamPermissions 200
[debug] [2023-11-28T03:22:59.812Z] <<< [apiv2][body] POST https://cloudresourcemanager.googleapis.com/v1/projects/queeko-chat:testIamPermissions {"permissions":["firebase.projects.get"]}
[debug] [2023-11-28T03:22:59.813Z] >>> [apiv2][query] GET https://serviceusage.googleapis.com/v1/projects/queeko-chat/services/cloudfunctions.googleapis.com [none]
[debug] [2023-11-28T03:22:59.813Z] >>> [apiv2][(partial)header] GET https://serviceusage.googleapis.com/v1/projects/queeko-chat/services/cloudfunctions.googleapis.com x-goog-quota-user=projects/queeko-chat
[debug] [2023-11-28T03:22:59.824Z] >>> [apiv2][query] GET https://serviceusage.googleapis.com/v1/projects/queeko-chat/services/runtimeconfig.googleapis.com [none]
[debug] [2023-11-28T03:22:59.824Z] >>> [apiv2][(partial)header] GET https://serviceusage.googleapis.com/v1/projects/queeko-chat/services/runtimeconfig.googleapis.com x-goog-quota-user=projects/queeko-chat
[debug] [2023-11-28T03:23:01.745Z] <<< [apiv2][status] GET https://serviceusage.googleapis.com/v1/projects/queeko-chat/services/runtimeconfig.googleapis.com 200
[debug] [2023-11-28T03:23:01.745Z] <<< [apiv2][body] GET https://serviceusage.googleapis.com/v1/projects/queeko-chat/services/runtimeconfig.googleapis.com [omitted]
[debug] [2023-11-28T03:23:01.750Z] <<< [apiv2][status] GET https://serviceusage.googleapis.com/v1/projects/queeko-chat/services/cloudfunctions.googleapis.com 200
[debug] [2023-11-28T03:23:01.751Z] <<< [apiv2][body] GET https://serviceusage.googleapis.com/v1/projects/queeko-chat/services/cloudfunctions.googleapis.com [omitted]
[debug] [2023-11-28T03:23:01.752Z] >>> [apiv2][query] POST https://serviceusage.googleapis.com/v1/projects/queeko-chat/services/cloudfunctions.googleapis.com:enable [none]
[debug] [2023-11-28T03:23:01.753Z] >>> [apiv2][(partial)header] POST https://serviceusage.googleapis.com/v1/projects/queeko-chat/services/cloudfunctions.googleapis.com:enable x-goog-quota-user=projects/queeko-chat
[debug] [2023-11-28T03:23:03.692Z] <<< [apiv2][status] POST https://serviceusage.googleapis.com/v1/projects/queeko-chat/services/cloudfunctions.googleapis.com:enable 200
[debug] [2023-11-28T03:23:03.692Z] <<< [apiv2][body] POST https://serviceusage.googleapis.com/v1/projects/queeko-chat/services/cloudfunctions.googleapis.com:enable [omitted]
[debug] [2023-11-28T03:23:13.695Z] >>> [apiv2][query] GET https://serviceusage.googleapis.com/v1/projects/queeko-chat/services/cloudfunctions.googleapis.com [none]
[debug] [2023-11-28T03:23:13.695Z] >>> [apiv2][(partial)header] GET https://serviceusage.googleapis.com/v1/projects/queeko-chat/services/cloudfunctions.googleapis.com x-goog-quota-user=projects/queeko-chat
[debug] [2023-11-28T03:23:15.778Z] <<< [apiv2][status] GET https://serviceusage.googleapis.com/v1/projects/queeko-chat/services/cloudfunctions.googleapis.com 200
[debug] [2023-11-28T03:23:15.778Z] <<< [apiv2][body] GET https://serviceusage.googleapis.com/v1/projects/queeko-chat/services/cloudfunctions.googleapis.com [omitted]
[info] Let's create a new codebase for your functions.
[info] A directory corresponding to the codebase will be created in your project
[info] with sample code pre-configured.

[info] See https://firebase.google.com/docs/functions/organize-functions for
[info] more information on organizing your functions using codebases.

[info] Functions can be deployed with firebase deploy.

[info] +  Wrote functions/package.json 
[info] +  Wrote functions/.eslintrc.js 
[info] +  Wrote functions/index.js 
[info] +  Wrote functions/.gitignore 
[info] 
=== Hosting Setup
[debug] [2023-11-28T03:24:51.465Z] >>> [apiv2][query] GET https://firebase.googleapis.com/v1beta1/projects/queeko-chat [none]
[debug] [2023-11-28T03:24:52.006Z] <<< [apiv2][status] GET https://firebase.googleapis.com/v1beta1/projects/queeko-chat 200
[debug] [2023-11-28T03:24:52.006Z] <<< [apiv2][body] GET https://firebase.googleapis.com/v1beta1/projects/queeko-chat {"projectId":"queeko-chat","projectNumber":"906737716433","displayName":"Queeko","name":"projects/queeko-chat","resources":{"hostingSite":"queeko-chat","realtimeDatabaseInstance":"queeko-chat-default-rtdb"},"state":"ACTIVE","etag":"1_69149421-604c-4a88-bce3-18b8a08155e4"}
[info] 
[info] Your public directory is the folder (relative to your project directory) that
[info] will contain Hosting assets to be uploaded with firebase deploy. If you
[info] have a build process for your assets, use your build's output directory.
[info] 
[debug] [2023-11-28T03:25:27.079Z] >>> [apiv2][query] GET https://www.gstatic.com/firebasejs/releases.json [none]
[debug] [2023-11-28T03:25:27.206Z] <<< [apiv2][status] GET https://www.gstatic.com/firebasejs/releases.json 200
[debug] [2023-11-28T03:25:27.206Z] <<< [apiv2][body] GET https://www.gstatic.com/firebasejs/releases.json {"current":{"version":"10.7.0","browserURL":"https://www.gstatic.com/firebasejs/10.7.0/firebase.js","packageURL":"https://www.gstatic.com/firebasejs/10.7.0/firebase.tgz"},"live":{"version":"10.7","browserURL":"https://www.gstatic.com/firebasejs/live/10.7/firebase.js","packageURL":"https://www.gstatic.com/firebasejs/live/10.7/firebase.tgz"},"components":{"analytics":"https://www.gstatic.com/firebasejs/10.7.0/firebase-analytics.js","app":"https://www.gstatic.com/firebasejs/10.7.0/firebase-app.js","app-check":"https://www.gstatic.com/firebasejs/10.7.0/firebase-app-check.js","auth":"https://www.gstatic.com/firebasejs/10.7.0/firebase-auth.js","auth/cordova":"https://www.gstatic.com/firebasejs/10.7.0/firebase-auth/cordova.js","functions":"https://www.gstatic.com/firebasejs/10.7.0/firebase-functions.js","firestore":"https://www.gstatic.com/firebasejs/10.7.0/firebase-firestore.js","firestore/lite":"https://www.gstatic.com/firebasejs/10.7.0/firebase-firestore/lite.js","installations":"https://www.gstatic.com/firebasejs/10.7.0/firebase-installations.js","storage":"https://www.gstatic.com/firebasejs/10.7.0/firebase-storage.js","performance":"https://www.gstatic.com/firebasejs/10.7.0/firebase-performance.js","remote-config":"https://www.gstatic.com/firebasejs/10.7.0/firebase-remote-config.js","messaging":"https://www.gstatic.com/firebasejs/10.7.0/firebase-messaging.js","messaging/sw":"https://www.gstatic.com/firebasejs/10.7.0/firebase-messaging/sw.js","database":"https://www.gstatic.com/firebasejs/10.7.0/firebase-database.js","firestore.memory":"https://www.gstatic.com/firebasejs/10.7.0/firebase-firestore.memory.js"}}
[info] +  Wrote public/index.html 
[info] 
[info] i  Didn't detect a .git folder. Assuming C:\Users\ptpan\Desktop\chat-app-master is the project root. 
[info] i  Authorizing with GitHub to upload your service account to a GitHub repository's secrets store. 
[info] 
[info] Visit this URL on this device to log in:
[info] https://github.com/login/oauth/authorize?client_id=89cf50f02ac6aaed3484&state=328517717&redirect_uri=http%3A%2F%2Flocalhost%3A9005&scope=read%3Auser%20repo%20public_repo
[info] 
[info] Waiting for authentication...
[debug] [2023-11-28T03:25:36.378Z] >>> [apiv2][query] POST https://github.com/login/oauth/access_token [none]
[debug] [2023-11-28T03:25:36.378Z] >>> [apiv2][body] POST https://github.com/login/oauth/access_token [stream]
[debug] [2023-11-28T03:25:36.972Z] <<< [apiv2][status] POST https://github.com/login/oauth/access_token 200
[debug] [2023-11-28T03:25:36.972Z] <<< [apiv2][body] POST https://github.com/login/oauth/access_token {"access_token":"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","token_type":"bearer","scope":"read:user,repo"}
[debug] [2023-11-28T03:25:36.994Z] >>> [apiv2][query] GET https://api.github.com/user [none]
[debug] [2023-11-28T03:25:37.814Z] <<< [apiv2][status] GET https://api.github.com/user 200
[debug] [2023-11-28T03:25:37.814Z] <<< [apiv2][body] GET https://api.github.com/user {"login":"pt-panpam","id":99529447,"node_id":"U_kgDOBe6y5w","avatar_url":"https://avatars.githubusercontent.com/u/99529447?v=4","gravatar_id":"","url":"https://api.github.com/users/pt-panpam","html_url":"https://github.com/pt-panpam","followers_url":"https://api.github.com/users/pt-panpam/followers","following_url":"https://api.github.com/users/pt-panpam/following{/other_user}","gists_url":"https://api.github.com/users/pt-panpam/gists{/gist_id}","starred_url":"https://api.github.com/users/pt-panpam/starred{/owner}{/repo}","subscriptions_url":"https://api.github.com/users/pt-panpam/subscriptions","organizations_url":"https://api.github.com/users/pt-panpam/orgs","repos_url":"https://api.github.com/users/pt-panpam/repos","events_url":"https://api.github.com/users/pt-panpam/events{/privacy}","received_events_url":"https://api.github.com/users/pt-panpam/received_events","type":"User","site_admin":false,"name":"Abhijeet mishra","company":null,"blog":"","location":"Mathura","email":null,"hireable":null,"bio":"Hey everyone this is Abhijeet mishra.","twitter_username":"pt_panpam","public_repos":16,"public_gists":0,"followers":0,"following":0,"created_at":"2022-02-12T07:43:30Z","updated_at":"2023-11-13T10:29:15Z","private_gists":0,"total_private_repos":0,"owned_private_repos":0,"disk_usage":100077,"collaborators":0,"two_factor_authentication":false,"plan":{"name":"free","space":976562499,"collaborators":0,"private_repos":10000}}
[info] 
[info] +  Success! Logged into GitHub as pt-panpam 
[info] 
[debug] [2023-11-28T03:26:00.612Z] >>> [apiv2][query] GET https://api.github.com/repos/queeko-chat/actions/secrets/public-key type=owner
[debug] [2023-11-28T03:26:01.013Z] <<< [apiv2][status] GET https://api.github.com/repos/queeko-chat/actions/secrets/public-key 404
[debug] [2023-11-28T03:26:01.014Z] <<< [apiv2][body] GET https://api.github.com/repos/queeko-chat/actions/secrets/public-key {"message":"Not Found","documentation_url":"https://docs.github.com/rest"}
[info] 
[info] 
[error] !  The provided authorization cannot be used with this repository. If this repository is in an organization, did you remember to grant access? 
[info] 
[info] i  Action required: Visit this URL to ensure access has been granted to the appropriate organization(s) for the Firebase CLI GitHub OAuth App: 
[info] https://github.com/settings/connections/applications/89cf50f02ac6aaed3484
[info] 
[debug] [2023-11-28T03:26:34.412Z] >>> [apiv2][query] GET https://api.github.com/repos/queeko-chat/actions/secrets/public-key type=owner
[debug] [2023-11-28T03:26:34.434Z] *** [apiv2] error from fetch(https://api.github.com/repos/queeko-chat/actions/secrets/public-key?type=owner, {"headers":{},"method":"GET"}): FetchError: request to https://api.github.com/repos/queeko-chat/actions/secrets/public-key?type=owner failed, reason: getaddrinfo EAI_AGAIN api.github.com
[debug] [2023-11-28T03:26:37.602Z] >>> [apiv2][query] GET https://api.github.com/repos/queeko-chat/actions/secrets/public-key type=owner
[debug] [2023-11-28T03:26:37.604Z] *** [apiv2] error from fetch(https://api.github.com/repos/queeko-chat/actions/secrets/public-key?type=owner, {"headers":{},"method":"GET"}): FetchError: request to https://api.github.com/repos/queeko-chat/actions/secrets/public-key?type=owner failed, reason: getaddrinfo EAI_AGAIN api.github.com
[debug] [2023-11-28T03:26:38.130Z] >>> [apiv2][query] GET https://api.github.com/repos/queeko-chat/actions/secrets/public-key type=owner
[debug] [2023-11-28T03:26:38.132Z] *** [apiv2] error from fetch(https://api.github.com/repos/queeko-chat/actions/secrets/public-key?type=owner, {"headers":{},"method":"GET"}): FetchError: request to https://api.github.com/repos/queeko-chat/actions/secrets/public-key?type=owner failed, reason: getaddrinfo EAI_AGAIN api.github.com
[debug] [2023-11-28T03:27:05.714Z] >>> [apiv2][query] GET https://api.github.com/repos/pt-panpam/queeko-chat/actions/secrets/public-key type=owner
[debug] [2023-11-28T03:27:06.175Z] <<< [apiv2][status] GET https://api.github.com/repos/pt-panpam/queeko-chat/actions/secrets/public-key 404
[debug] [2023-11-28T03:27:06.175Z] <<< [apiv2][body] GET https://api.github.com/repos/pt-panpam/queeko-chat/actions/secrets/public-key {"message":"Not Found","documentation_url":"https://docs.github.com/rest/actions/secrets#get-a-repository-public-key"}
[info] 
[info] 
[error] !  The provided authorization cannot be used with this repository. If this repository is in an organization, did you remember to grant access? 
[info] 
[info] i  Action required: Visit this URL to ensure access has been granted to the appropriate organization(s) for the Firebase CLI GitHub OAuth App: 
[info] https://github.com/settings/connections/applications/89cf50f02ac6aaed3484
[info] 
[debug] [2023-11-28T03:27:31.534Z] >>> [apiv2][query] GET https://api.github.com/repos/user/repository/actions/secrets/public-key type=owner
[debug] [2023-11-28T03:27:31.938Z] <<< [apiv2][status] GET https://api.github.com/repos/user/repository/actions/secrets/public-key 404
[debug] [2023-11-28T03:27:31.938Z] <<< [apiv2][body] GET https://api.github.com/repos/user/repository/actions/secrets/public-key {"message":"Not Found","documentation_url":"https://docs.github.com/rest/actions/secrets#get-a-repository-public-key"}
[info] 
[info] 
[error] !  The provided authorization cannot be used with this repository. If this repository is in an organization, did you remember to grant access? 
[info] 
[info] i  Action required: Visit this URL to ensure access has been granted to the appropriate organization(s) for the Firebase CLI GitHub OAuth App: 
[info] https://github.com/settings/connections/applications/89cf50f02ac6aaed3484
[info] 
[debug] [2023-11-28T03:27:33.043Z] >>> [apiv2][query] GET https://api.github.com/repos/user/repository/actions/secrets/public-key type=owner
[debug] [2023-11-28T03:27:33.509Z] <<< [apiv2][status] GET https://api.github.com/repos/user/repository/actions/secrets/public-key 404
[debug] [2023-11-28T03:27:33.509Z] <<< [apiv2][body] GET https://api.github.com/repos/user/repository/actions/secrets/public-key {"message":"Not Found","documentation_url":"https://docs.github.com/rest/actions/secrets#get-a-repository-public-key"}
[info] 
[info] 
[error] !  The provided authorization cannot be used with this repository. If this repository is in an organization, did you remember to grant access? 
[info] 
[info] i  Action required: Visit this URL to ensure access has been granted to the appropriate organization(s) for the Firebase CLI GitHub OAuth App: 
[info] https://github.com/settings/connections/applications/89cf50f02ac6aaed3484
[info] 
